{
  "RSpec": {
    "coverage": {
      "/Users/aprildagonese/Turing/3module/projects/rales_engine/app/models/customer.rb": [
        1,
        1,
        1,
        1,
        null,
        1,
        0,
        null,
        null,
        null,
        null,
        null,
        null,
        null,
        0,
        null,
        null
      ],
      "/Users/aprildagonese/Turing/3module/projects/rales_engine/app/models/application_record.rb": [
        1,
        1,
        null
      ],
      "/Users/aprildagonese/Turing/3module/projects/rales_engine/app/models/merchant.rb": [
        1,
        1,
        1,
        1,
        1,
        1,
        null,
        1,
        null,
        null,
        null,
        null,
        null,
        0,
        null,
        null,
        1,
        null,
        null,
        null,
        null,
        null,
        0,
        null,
        null,
        1,
        null,
        null,
        null,
        0,
        null,
        null,
        1,
        null,
        null,
        null,
        null,
        0,
        null,
        null,
        1,
        null,
        null,
        null,
        null,
        null,
        0,
        null,
        null,
        1,
        null,
        null,
        null,
        0,
        null,
        null
      ],
      "/Users/aprildagonese/Turing/3module/projects/rales_engine/app/models/invoice.rb": [
        1,
        1,
        1,
        1,
        1,
        1,
        null,
        1,
        null,
        null,
        null,
        null,
        null,
        0,
        null,
        null,
        1,
        null,
        null,
        null,
        null,
        0,
        null,
        null
      ],
      "/Users/aprildagonese/Turing/3module/projects/rales_engine/app/controllers/api/v1/invoices_controller.rb": [
        1,
        1,
        1,
        1,
        null,
        null,
        1,
        2,
        2,
        null,
        null
      ],
      "/Users/aprildagonese/Turing/3module/projects/rales_engine/app/controllers/application_controller.rb": [
        1,
        null
      ],
      "/Users/aprildagonese/Turing/3module/projects/rales_engine/app/serializers/invoice_serializer.rb": [
        1,
        1,
        1,
        null
      ],
      "/Users/aprildagonese/Turing/3module/projects/rales_engine/app/controllers/api/v1/invoices_find_controller.rb": [
        1,
        null,
        1,
        6,
        1,
        5,
        1,
        4,
        1,
        3,
        1,
        2,
        1,
        1,
        1,
        null,
        6,
        null,
        null,
        1,
        6,
        1,
        5,
        1,
        4,
        1,
        3,
        1,
        2,
        1,
        1,
        1,
        null,
        6,
        null,
        null,
        null
      ],
      "/Users/aprildagonese/Turing/3module/projects/rales_engine/app/mailers/application_mailer.rb": [
        0,
        0,
        0,
        0
      ],
      "/Users/aprildagonese/Turing/3module/projects/rales_engine/app/models/item.rb": [
        0,
        0,
        0,
        0,
        null,
        null,
        null,
        0,
        0,
        0,
        0,
        0,
        0,
        0,
        null,
        0,
        0,
        0,
        0,
        0,
        0,
        0,
        null,
        0,
        0,
        0,
        0,
        0,
        0,
        0,
        null,
        0
      ],
      "/Users/aprildagonese/Turing/3module/projects/rales_engine/app/models/revenue.rb": [
        0,
        0,
        null,
        0,
        0,
        0,
        0,
        0
      ],
      "/Users/aprildagonese/Turing/3module/projects/rales_engine/app/models/invoice_item.rb": [
        0,
        0,
        0,
        0,
        null,
        0
      ],
      "/Users/aprildagonese/Turing/3module/projects/rales_engine/app/models/transaction.rb": [
        0,
        0,
        0,
        0,
        null,
        0,
        0
      ],
      "/Users/aprildagonese/Turing/3module/projects/rales_engine/app/serializers/invoice_item_serializer.rb": [
        0,
        0,
        0,
        0
      ],
      "/Users/aprildagonese/Turing/3module/projects/rales_engine/app/serializers/merchant_serializer.rb": [
        0,
        0,
        0,
        0
      ],
      "/Users/aprildagonese/Turing/3module/projects/rales_engine/app/serializers/revenue_serializer.rb": [
        0,
        0,
        0,
        0,
        null,
        0
      ],
      "/Users/aprildagonese/Turing/3module/projects/rales_engine/app/serializers/transaction_serializer.rb": [
        0,
        0,
        0,
        0
      ],
      "/Users/aprildagonese/Turing/3module/projects/rales_engine/app/serializers/item_serializer.rb": [
        0,
        0,
        0,
        0
      ],
      "/Users/aprildagonese/Turing/3module/projects/rales_engine/app/serializers/customer_serializer.rb": [
        0,
        0,
        0,
        0
      ],
      "/Users/aprildagonese/Turing/3module/projects/rales_engine/app/serializers/item_date_serializer.rb": [
        0,
        0,
        0,
        0
      ],
      "/Users/aprildagonese/Turing/3module/projects/rales_engine/app/jobs/application_job.rb": [
        0,
        0
      ],
      "/Users/aprildagonese/Turing/3module/projects/rales_engine/app/controllers/api/v1/customer_merchants_controller.rb": [
        0,
        0,
        0,
        0,
        0,
        0,
        0
      ],
      "/Users/aprildagonese/Turing/3module/projects/rales_engine/app/controllers/api/v1/item_dates_controller.rb": [
        0,
        0,
        0,
        0,
        0,
        0,
        0
      ],
      "/Users/aprildagonese/Turing/3module/projects/rales_engine/app/controllers/api/v1/merchant_most_revenue_controller.rb": [
        0,
        0,
        0,
        0,
        0,
        0
      ],
      "/Users/aprildagonese/Turing/3module/projects/rales_engine/app/controllers/api/v1/merchant_customers_controller.rb": [
        0,
        0,
        0,
        0,
        0,
        0,
        null,
        0,
        0,
        0,
        0,
        0,
        0
      ],
      "/Users/aprildagonese/Turing/3module/projects/rales_engine/app/controllers/api/v1/customers_controller.rb": [
        0,
        0,
        0,
        0,
        0,
        null,
        0,
        0,
        0,
        0,
        0
      ],
      "/Users/aprildagonese/Turing/3module/projects/rales_engine/app/controllers/api/v1/transaction_invoice_controller.rb": [
        0,
        0,
        0,
        0,
        0,
        0,
        0
      ],
      "/Users/aprildagonese/Turing/3module/projects/rales_engine/app/controllers/api/v1/merchants_controller.rb": [
        0,
        0,
        0,
        0,
        0,
        null,
        0,
        0,
        0,
        0,
        0
      ],
      "/Users/aprildagonese/Turing/3module/projects/rales_engine/app/controllers/api/v1/item_merchants_controller.rb": [
        0,
        0,
        0,
        0,
        0,
        0,
        0
      ],
      "/Users/aprildagonese/Turing/3module/projects/rales_engine/app/controllers/api/v1/merchant_most_items_controller.rb": [
        0,
        0,
        0,
        0,
        0,
        0
      ],
      "/Users/aprildagonese/Turing/3module/projects/rales_engine/app/controllers/api/v1/customer_transactions_controller.rb": [
        0,
        0,
        0,
        0,
        0,
        0,
        0
      ],
      "/Users/aprildagonese/Turing/3module/projects/rales_engine/app/controllers/api/v1/merchants_find_controller.rb": [
        0,
        null,
        0,
        0,
        0,
        0,
        0,
        0,
        0,
        0,
        0,
        0,
        0,
        0,
        null,
        0,
        0,
        0,
        0,
        0,
        0,
        0,
        0,
        0,
        0,
        0,
        0,
        null,
        0
      ],
      "/Users/aprildagonese/Turing/3module/projects/rales_engine/app/controllers/api/v1/customer_invoices_controller.rb": [
        0,
        0,
        0,
        0,
        0,
        0,
        0
      ],
      "/Users/aprildagonese/Turing/3module/projects/rales_engine/app/controllers/api/v1/merchant_revenue_controller.rb": [
        0,
        0,
        null,
        0,
        0,
        0,
        0,
        0,
        null,
        0,
        0,
        0,
        0,
        0,
        0,
        0,
        0,
        0,
        0,
        0,
        0,
        0
      ],
      "/Users/aprildagonese/Turing/3module/projects/rales_engine/app/controllers/api/v1/items_controller.rb": [
        0,
        0,
        0,
        0,
        null,
        0,
        0,
        0,
        0,
        0,
        0,
        0,
        0,
        0,
        0,
        0,
        0
      ],
      "/Users/aprildagonese/Turing/3module/projects/rales_engine/app/controllers/api/v1/customers_find_controller.rb": [
        0,
        null,
        0,
        0,
        0,
        0,
        0,
        0,
        0,
        0,
        0,
        0,
        0,
        0,
        0,
        0,
        null,
        0,
        0,
        0,
        0,
        0,
        0,
        0,
        0,
        0,
        0,
        0,
        0,
        0,
        0,
        null,
        0
      ],
      "/Users/aprildagonese/Turing/3module/projects/rales_engine/app/controllers/api/v1/transactions_find_controller.rb": [
        0,
        null,
        0,
        0,
        0,
        0,
        0,
        0,
        0,
        0,
        0,
        0,
        0,
        0,
        0,
        0,
        0,
        0,
        null,
        0,
        0,
        0,
        0,
        0,
        0,
        0,
        0,
        0,
        0,
        0,
        0,
        0,
        0,
        0,
        0,
        null,
        0
      ],
      "/Users/aprildagonese/Turing/3module/projects/rales_engine/app/controllers/api/v1/merchant_items_controller.rb": [
        0,
        0,
        0,
        0,
        0,
        0,
        0
      ],
      "/Users/aprildagonese/Turing/3module/projects/rales_engine/app/controllers/api/v1/transactions_controller.rb": [
        0,
        0,
        0,
        0,
        0,
        null,
        0,
        0,
        0,
        0,
        0
      ],
      "/Users/aprildagonese/Turing/3module/projects/rales_engine/app/controllers/api/v1/merchant_invoices_controller.rb": [
        0,
        0,
        0,
        0,
        0,
        0,
        0
      ],
      "/Users/aprildagonese/Turing/3module/projects/rales_engine/app/controllers/api/v1/item_invoice_items_controller.rb": [
        0,
        0,
        0,
        0,
        0,
        0,
        0
      ],
      "/Users/aprildagonese/Turing/3module/projects/rales_engine/app/controllers/api/v1/item_find_controller.rb": [
        0,
        null,
        0,
        0,
        0,
        0,
        0,
        0,
        0,
        0,
        0,
        0,
        0,
        0,
        null,
        0,
        0,
        0,
        0,
        0,
        0,
        0,
        0,
        0,
        0,
        0,
        0,
        null,
        0
      ],
      "/Users/aprildagonese/Turing/3module/projects/rales_engine/app/channels/application_cable/connection.rb": [
        0,
        0,
        0,
        0
      ],
      "/Users/aprildagonese/Turing/3module/projects/rales_engine/app/channels/application_cable/channel.rb": [
        0,
        0,
        0,
        0
      ]
    },
    "timestamp": 1552777561
  }
}
